[0923/203414.129:ERROR:process_reader_win.cc(123)] NtOpenThread: {Access Denied} A process has requested access to an object, but has not been granted those access rights. (0xc0000022)
[0923/203414.185:ERROR:process_reader_win.cc(123)] NtOpenThread: {Access Denied} A process has requested access to an object, but has not been granted those access rights. (0xc0000022)
[0923/203414.185:ERROR:process_memory_win.cc(73)] ReadMemory at 0x7ff9c5453e00 of 12 bytes failed: Only part of a ReadProcessMemory or WriteProcessMemory request was completed. (0x12B)
[0923/203414.129:ERROR:process_reader_win.cc(123)] NtOpenThread: {Access Denied} A process has requested access to an object, but has not been granted those access rights. (0xc0000022)
[0923/203414.129:ERROR:process_reader_win.cc(123)] NtOpenThread: {Access Denied} A process has requested access to an object, but has not been granted those access rights. (0xc0000022)
[0923/203414.185:ERROR:process_memory_win.cc(73)] ReadMemory at 0x7ff9c5453e00 of 12 bytes failed: Only part of a ReadProcessMemory or WriteProcessMemory request was completed. (0x12B)
[0923/203414.129:ERROR:process_reader_win.cc(123)] NtOpenThread: {Access Denied} A process has requested access to an object, but has not been granted those access rights. (0xc0000022)
[0923/203414.129:ERROR:process_reader_win.cc(123)] NtOpenThread: {Access Denied} A process has requested access to an object, but has not been granted those access rights. (0xc0000022)
[0923/203414.129:ERROR:process_reader_win.cc(123)] NtOpenThread: {Access Denied} A process has requested access to an object, but has not been granted those access rights. (0xc0000022)
[0923/203414.129:ERROR:process_reader_win.cc(123)] NtOpenThread: {Access Denied} A process has requested access to an object, but has not been granted those access rights. (0xc0000022)
[0923/203414.383:WARNING:process_snapshot_win.cc(71)] ReadMemory ExceptionInformation failed
[0923/203414.383:ERROR:exception_snapshot_win.cc(99)] thread ID 17652 not found in process
[0923/203414.383:ERROR:exception_snapshot_win.cc(99)] thread ID 12336 not found in process
[0923/203414.383:ERROR:exception_snapshot_win.cc(99)] thread ID 8364 not found in process
[0923/203414.383:ERROR:exception_snapshot_win.cc(99)] thread ID 14672 not found in process
[0923/203414.383:ERROR:exception_snapshot_win.cc(99)] thread ID 11552 not found in process
[0923/203414.383:WARNING:process_snapshot_win.cc(71)] ReadMemory ExceptionInformation failed
[0923/203414.383:ERROR:exception_snapshot_win.cc(99)] thread ID 10192 not found in process
[0923/203414.399:ERROR:exception_snapshot_win.cc(99)] thread ID 384 not found in process
[0923/203414.399:ERROR:exception_snapshot_win.cc(99)] thread ID 948 not found in process
[0923/203414.399:ERROR:scoped_process_suspend.cc(40)] NtResumeProcess: An attempt was made to access an exiting process. (0xc000010a)
[0923/203414.399:ERROR:scoped_process_suspend.cc(40)] NtResumeProcess: An attempt was made to access an exiting process. (0xc000010a)
[0923/203414.399:ERROR:scoped_process_suspend.cc(40)] NtResumeProcess: An attempt was made to access an exiting process. (0xc000010a)
[0923/203414.399:ERROR:scoped_process_suspend.cc(40)] NtResumeProcess: An attempt was made to access an exiting process. (0xc000010a)
[0923/203414.399:ERROR:scoped_process_suspend.cc(40)] NtResumeProcess: An attempt was made to access an exiting process. (0xc000010a)
[0923/203414.399:ERROR:scoped_process_suspend.cc(40)] NtResumeProcess: An attempt was made to access an exiting process. (0xc000010a)
[0923/203414.383:ERROR:scoped_process_suspend.cc(40)] NtResumeProcess: An attempt was made to access an exiting process. (0xc000010a)
[0923/203414.399:ERROR:scoped_process_suspend.cc(40)] NtResumeProcess: An attempt was made to access an exiting process. (0xc000010a)
